app/build/outputs/logs/manifest-merger-debug-report.txt
-- Merging decision tree log ---
manifest
ADDED from src\main\AndroidManifest.xml:2:1-61:12
	package
		ADDED from src\main\AndroidManifest.xml:3:5-43
		INJECTED from src\main\AndroidManifest.xml
		INJECTED from src\main\AndroidManifest.xml
	android:versionName
		ADDED from src\main\AndroidManifest.xml:5:5-38
		INJECTED from src\main\AndroidManifest.xml
		INJECTED from src\main\AndroidManifest.xml
	android:versionCode
		ADDED from src\main\AndroidManifest.xml:4:5-31
		INJECTED from src\main\AndroidManifest.xml
		INJECTED from src\main\AndroidManifest.xml
	xmlns:android
		ADDED from src\main\AndroidManifest.xml:2:11-69
uses-sdk
ADDED from src\main\AndroidManifest.xml:7:5-9:41
	android:targetSdkVersion
		ADDED from src\main\AndroidManifest.xml:9:9-38
		INJECTED from src\main\AndroidManifest.xml
		INJECTED from src\main\AndroidManifest.xml
	android:minSdkVersion
		ADDED from src\main\AndroidManifest.xml:8:9-35
		INJECTED from src\main\AndroidManifest.xml
		INJECTED from src\main\AndroidManifest.xml
application
ADDED from src\main\AndroidManifest.xml:11:5-56:19
	android:label
		ADDED from src\main\AndroidManifest.xml:13:3-23
	android:icon
		ADDED from src\main\AndroidManifest.xml:14:3-32
	android:theme
		ADDED from src\main\AndroidManifest.xml:12:3-34
	android:name
		ADDED from src\main\AndroidManifest.xml:15:3-32
activity#com.mhook.MrSFastTranslation.SettingActivity
ADDED from src\main\AndroidManifest.xml:17:5-27:14
	android:windowSoftInputMode
		ADDED from src\main\AndroidManifest.xml:19:3-62
	android:name
		ADDED from src\main\AndroidManifest.xml:20:3-34
intent-filter#android.intent.action.MAIN+de.robv.android.xposed.category.MODULE_SETTINGS
ADDED from src\main\AndroidManifest.xml:21:3-25:19
action#android.intent.action.MAIN
ADDED from src\main\AndroidManifest.xml:22:4-56
	android:name
		ADDED from src\main\AndroidManifest.xml:22:12-53
category#de.robv.android.xposed.category.MODULE_SETTINGS
ADDED from src\main\AndroidManifest.xml:23:4-78
	android:name
		ADDED from src\main\AndroidManifest.xml:23:14-76
activity-alias#com.mhook.MrSFastTranslation.SettingActivity-alias
ADDED from src\main\AndroidManifest.xml:28:3-37:21
	android:enabled
		ADDED from src\main\AndroidManifest.xml:30:4-26
	android:targetActivity
		ADDED from src\main\AndroidManifest.xml:31:4-45
	android:name
		ADDED from src\main\AndroidManifest.xml:29:4-41
intent-filter#android.intent.action.MAIN+android.intent.category.LAUNCHER
ADDED from src\main\AndroidManifest.xml:32:4-36:29
category#android.intent.category.LAUNCHER
ADDED from src\main\AndroidManifest.xml:34:5-64
	android:name
		ADDED from src\main\AndroidManifest.xml:34:15-62
meta-data#xposedmodule
ADDED from src\main\AndroidManifest.xml:40:9-42:26
	android:value
		ADDED from src\main\AndroidManifest.xml:42:4-24
	android:name
		ADDED from src\main\AndroidManifest.xml:41:4-31
meta-data#xposeddescription
ADDED from src\main\AndroidManifest.xml:45:6-47:34
	android:value
		ADDED from src\main\AndroidManifest.xml:47:4-31
	android:name
		ADDED from src\main\AndroidManifest.xml:46:4-36
meta-data#xposedminversion
ADDED from src\main\AndroidManifest.xml:50:6-52:25
	android:value
		ADDED from src\main\AndroidManifest.xml:52:4-22
	android:name
		ADDED from src\main\AndroidManifest.xml:51:4-35
uses-permission#android.permission.WRITE_EXTERNAL_STORAGE
ADDED from src\main\AndroidManifest.xml:58:1-76
	android:name
		ADDED from src\main\AndroidManifest.xml:58:18-74
uses-permission#android.permission.INTERNET
ADDED from src\main\AndroidManifest.xml:59:1-62
	android:name
		ADDED from src\main\AndroidManifest.xml:59:18-60
uses-permission#android.permission.SYSTEM_ALERT_WINDOW
ADDED from src\main\AndroidManifest.xml:60:1-73
	android:name
		ADDED from src\main\AndroidManifest.xml:60:18-71